0 info it worked if it ends with ok
1 verbose cli [ 'E:\\nodejs\\node.exe',
1 verbose cli   'E:\\nodejs\\node_modules\\npm\\bin\\npm-cli.js',
1 verbose cli   'run',
1 verbose cli   'lite' ]
2 info using npm@3.10.10
3 info using node@v6.11.0
4 verbose run-script [ 'prelite', 'lite', 'postlite' ]
5 info lifecycle project-i@1.0.0~prelite: project-i@1.0.0
6 silly lifecycle project-i@1.0.0~prelite: no script for prelite, continuing
7 info lifecycle project-i@1.0.0~lite: project-i@1.0.0
8 verbose lifecycle project-i@1.0.0~lite: unsafe-perm in lifecycle true
9 verbose lifecycle project-i@1.0.0~lite: PATH: E:\nodejs\node_modules\npm\bin\node-gyp-bin;E:\课程相关文件\Grade 2\软件工程创新实践基础\project I\node_modules\.bin;E:\nodejs\node_modules\npm\bin\node-gyp-bin;E:\课程相关文件\Grade 2\软件工程创新实践基础\project I\node_modules\.bin;E:\Program Files\Git\cmd;C:\ProgramData\Oracle\Java\javapath;C:\Program Files (x86)\NVIDIA Corporation\PhysX\Common;C:\Program Files (x86)\Intel\iCLS Client\;C:\Program Files\Intel\iCLS Client\;C:\WINDOWS\system32;C:\WINDOWS;C:\WINDOWS\System32\Wbem;C:\WINDOWS\System32\WindowsPowerShell\v1.0\;C:\Program Files (x86)\Intel\Intel(R) Management Engine Components\DAL;C:\Program Files\Intel\Intel(R) Management Engine Components\DAL;C:\Program Files (x86)\Intel\Intel(R) Management Engine Components\IPT;C:\Program Files\Intel\Intel(R) Management Engine Components\IPT;E:\Python27;C:\Python27\Scripts;C:\WINDOWS\system32\config\systemprofile\.dnx\bin;C:\Program Files\Microsoft DNX\Dnvm\;C:\Program Files\Microsoft SQL Server\130\Tools\Binn\;C:\Program Files (x86)\Windows Kits\8.1\Windows Performance Toolkit\;C:\Program Files\Common Files\Autodesk Shared\;C:\Program Files (x86)\Autodesk\Backburner\;e:\Program Files\Git\cmd;e:\Program Files\MATLAB\R2016b\runtime\win64;e:\Program Files\MATLAB\R2016b\bin;e:\Program Files\MATLAB\R2016b\polyspace\bin;E:\nodejs\;C:\Users\cytok\Anaconda2;C:\Users\cytok\Anaconda2\Scripts;C:\Users\cytok\Anaconda2\Library\bin;C:\Users\cytok\AppData\Local\Microsoft\WindowsApps;C:\Users\cytok\AppData\Roaming\npm;E:\Program Files\Microsoft VS Code\bin
10 verbose lifecycle project-i@1.0.0~lite: CWD: E:\课程相关文件\Grade 2\软件工程创新实践基础\project I
11 silly lifecycle project-i@1.0.0~lite: Args: [ '/d /s /c', 'lite-server' ]
12 verbose stack Error: kill ENOSYS
12 verbose stack     at exports._errnoException (util.js:1018:11)
12 verbose stack     at process.kill (internal/process.js:190:13)
12 verbose stack     at process.listener (E:\nodejs\node_modules\npm\node_modules\npmlog\node_modules\gauge\node_modules\signal-exit\index.js:86:15)
12 verbose stack     at emitNone (events.js:91:20)
12 verbose stack     at process.emit (events.js:185:7)
12 verbose stack     at processEmit (E:\nodejs\node_modules\npm\node_modules\npmlog\node_modules\gauge\node_modules\signal-exit\index.js:146:32)
12 verbose stack     at processEmit (E:\nodejs\node_modules\npm\node_modules\npm-registry-client\node_modules\npmlog\node_modules\gauge\node_modules\signal-exit\index.js:146:32)
12 verbose stack     at Signal.wrap.onsignal (internal/process.js:217:44)
13 verbose cwd E:\课程相关文件\Grade 2\软件工程创新实践基础\project I
14 error Windows_NT 10.0.15063
15 error argv "E:\\nodejs\\node.exe" "E:\\nodejs\\node_modules\\npm\\bin\\npm-cli.js" "run" "lite"
16 error node v6.11.0
17 error npm  v3.10.10
18 error code ENOSYS
19 error errno ENOSYS
20 error syscall kill
21 error kill ENOSYS
22 error If you need help, you may report this error at:
22 error     <https://github.com/npm/npm/issues>
23 verbose exit [ 1, true ]
